2025-04-17 13:36:31,171 - INFO - «апуск процесса переиндексации URL
2025-04-17 13:36:31,171 - INFO - —формирован host_id: https:5ka.ru:443
2025-04-17 13:36:31,580 - INFO - ѕолучен user-id: 247083388
2025-04-17 13:36:31,582 - INFO - »нициализаци€ завершена. User ID: 247083388, Host ID: https:5ka.ru:443
2025-04-17 13:36:31,582 - ERROR - ¬ходной файл не найден: urls.csv
2025-04-17 13:36:31,582 - INFO - ѕроцесс завершен
2025-04-17 13:37:21,999 - INFO - «апуск процесса переиндексации URL
2025-04-17 13:37:22,000 - INFO - —формирован host_id: https:5ka.ru:443
2025-04-17 13:37:24,480 - INFO - ѕолучен user-id: 247083388
2025-04-17 13:37:24,482 - INFO - »нициализаци€ завершена. User ID: 247083388, Host ID: https:5ka.ru:443
2025-04-17 13:37:24,486 - INFO - ќбработка URL [1/1]: https://5ka.ru/catalog/khleb-i-vypechka--251C12888/
2025-04-17 13:37:29,993 - INFO - –езультат: яндекс - успешно, Google - успешно
2025-04-17 13:37:30,994 - INFO - ќбработка URL [2/2]: https://5ka.ru/catalog/soki-nektary-i-smuzi--73C2394/
2025-04-17 13:37:32,597 - INFO - –езультат: яндекс - успешно, Google - успешно
2025-04-17 13:37:33,598 - INFO - ќбработка URL [3/3]: https://5ka.ru/catalog/kartofel--251C13129/
2025-04-17 13:37:39,191 - INFO - –езультат: яндекс - успешно, Google - успешно
2025-04-17 13:37:40,191 - INFO - ќбработка URL [4/4]: https://5ka.ru/product/sakhar-belyy-pesok-1kg--3230933/
2025-04-17 13:37:42,452 - INFO - –езультат: яндекс - успешно, Google - успешно
2025-04-17 13:37:43,453 - INFO - ќбработка URL [5/5]: https://5ka.ru/catalog/ptitsa--251C13083/
2025-04-17 13:37:45,071 - INFO - –езультат: яндекс - успешно, Google - успешно
2025-04-17 13:37:46,072 - INFO - ќбработка URL [6/6]: https://5ka.ru/catalog/soki-nektary-i-smuzi--73C2394/
2025-04-17 13:37:47,601 - INFO - –езультат: яндекс - успешно, Google - успешно
2025-04-17 13:37:48,602 - INFO - ќбработка URL [7/7]: https://5ka.ru/catalog/khleb-i-bagety--73C9971/
2025-04-17 13:37:50,644 - INFO - –езультат: яндекс - успешно, Google - успешно
2025-04-17 13:37:51,645 - INFO - ќбработка URL [8/8]: https://5ka.ru/catalog/kolbasa-sosiski--251C13086/
2025-04-17 13:37:53,272 - INFO - –езультат: яндекс - успешно, Google - успешно
2025-04-17 13:37:54,273 - INFO - ќбработка URL [9/9]: https://5ka.ru/catalog/zelyonyy-chay--73C9855/
2025-04-17 13:37:55,829 - INFO - –езультат: яндекс - успешно, Google - успешно
2025-04-17 13:37:56,830 - INFO - ќбработка URL [10/10]: https://5ka.ru/catalog/maslo-slivochnoe--251C13188/
2025-04-17 13:37:59,424 - INFO - –езультат: яндекс - успешно, Google - успешно
2025-04-17 13:38:00,425 - INFO - ќбработка URL [11/11]: https://5ka.ru/catalog/khleb-i-vypechka--251C12888/
2025-04-17 13:38:01,875 - INFO - –езультат: яндекс - успешно, Google - успешно
2025-04-17 13:38:02,876 - INFO - ќбработка URL [12/12]: https://5ka.ru/catalog/maslo-slivochnoe--251C13188/
2025-04-17 13:38:04,453 - INFO - –езультат: яндекс - успешно, Google - успешно
2025-04-17 13:38:05,453 - INFO - ќбработка URL [13/13]: https://5ka.ru/catalog/sladosti--251C12900/
2025-04-17 13:38:07,051 - INFO - –езультат: яндекс - успешно, Google - успешно
2025-04-17 13:38:08,052 - INFO - ќбработка URL [14/14]: https://5ka.ru/catalog/dlya-zerkal-i-steklyannyx-poverxnostei--73C9927/
2025-04-17 13:38:09,591 - INFO - –езультат: яндекс - успешно, Google - успешно
2025-04-17 13:38:10,596 - INFO - ќбработка завершена. ќбработано URL: 14/14
2025-04-17 13:38:10,596 - INFO - –езультаты записаны в results.csv
2025-04-17 13:38:10,596 - INFO - ѕроцесс завершен
